<?xml version="1.0" encoding="UTF-8"?>
<!-- Generated by org.testng.reporters.JUnitReportReporter -->
<testsuite skipped="0" hostname="DESKTOP-D6FQT73" name="Testing1.TestClass" tests="5" failures="0" timestamp="2023-01-02T23:15:50 IST" time="20.332" errors="0">
  <testcase name="tc04" time="3.566" classname="Testing1.TestClass"/>
  <system-out/>
  <testcase name="tc03" time="4.446" classname="Testing1.TestClass"/>
  <system-out/>
  <testcase name="tc01" time="5.412" classname="Testing1.TestClass"/>
  <system-out/>
  <testcase name="tc05" time="2.956" classname="Testing1.TestClass"/>
  <system-out/>
  <testcase name="tc02" time="3.952" classname="Testing1.TestClass"/>
  <system-out/>
</testsuite> <!-- Testing1.TestClass -->
