<?xml version="1.0" encoding="UTF-8"?>
<!-- Generated by org.testng.reporters.JUnitReportReporter -->
<testsuite skipped="0" hostname="DESKTOP-D6FQT73" name="TestING.Sample5" tests="6" failures="0" timestamp="2022-12-27T18:39:00 IST" time="0.049" errors="0">
  <testcase name="tc02" time="0.006" classname="TestING.Sample5"/>
  <system-out/>
  <testcase name="tc02" time="0.010" classname="TestING.Sample5"/>
  <system-out/>
  <testcase name="tc03" time="0.008" classname="TestING.Sample5"/>
  <system-out/>
  <testcase name="tc01" time="0.008" classname="TestING.Sample5"/>
  <system-out/>
  <testcase name="tc01" time="0.010" classname="TestING.Sample5"/>
  <system-out/>
  <testcase name="tc01" time="0.007" classname="TestING.Sample5"/>
  <system-out/>
</testsuite> <!-- TestING.Sample5 -->
