<?xml version="1.0" encoding="UTF-8"?>
<!-- Generated by org.testng.reporters.JUnitReportReporter -->
<testsuite skipped="0" hostname="DESKTOP-D6FQT73" name="Abc.Sample1" tests="1" failures="0" timestamp="2022-12-22T12:46:05 IST" time="0.012" errors="0">
  <testcase name="AM2" time="0.012" classname="Abc.Sample1"/>
  <system-out/>
</testsuite> <!-- Abc.Sample1 -->
