<?xml version="1.0" encoding="UTF-8"?>
<!-- Generated by org.testng.reporters.JUnitReportReporter -->
<testsuite skipped="0" hostname="DESKTOP-D6FQT73" name="TestING.Run" tests="1" failures="0" timestamp="2023-01-02T22:56:57 IST" time="4.665" errors="0">
  <testcase name="tc01" time="4.665" classname="TestING.Run"/>
  <system-out/>
</testsuite> <!-- TestING.Run -->
