<?xml version="1.0" encoding="UTF-8"?>
<!-- Generated by org.testng.reporters.JUnitReportReporter -->
<testsuite skipped="0" hostname="DESKTOP-D6FQT73" name="TestING.Sample" tests="1" failures="0" timestamp="2022-12-27T18:32:47 IST" time="0.016" errors="0">
  <testcase name="M1" time="0.016" classname="TestING.Sample"/>
  <system-out/>
</testsuite> <!-- TestING.Sample -->
