<?xml version="1.0" encoding="UTF-8"?>
<!-- Generated by org.testng.reporters.JUnitReportReporter -->
<testsuite skipped="0" hostname="DESKTOP-D6FQT73" name="TestNgSuite.Parallel" tests="1" failures="0" timestamp="2023-06-23T12:00:52 IST" time="5.923" errors="0">
  <testcase name="M1" time="5.923" classname="TestNgSuite.Parallel"/>
  <system-out>
    <![CDATA[Test case executed]]>
  </system-out>
</testsuite> <!-- TestNgSuite.Parallel -->
