<?xml version="1.0" encoding="UTF-8"?>
<!-- Generated by org.testng.reporters.JUnitReportReporter -->
<testsuite skipped="0" hostname="DESKTOP-D6FQT73" name="TestNgSuite.Test005Group" tests="2" failures="0" timestamp="2023-04-21T12:39:47 IST" time="0.010" errors="0">
  <testcase name="tc06" time="0.002" classname="TestNgSuite.Test005Group"/>
  <system-out>
    <![CDATA[Test case 06 execute]]>
  </system-out>
  <testcase name="tc04" time="0.008" classname="TestNgSuite.Test005Group"/>
  <system-out>
    <![CDATA[Test case 04 execute]]>
  </system-out>
</testsuite> <!-- TestNgSuite.Test005Group -->
