<?xml version="1.0" encoding="UTF-8"?>
<!-- Generated by org.testng.reporters.JUnitReportReporter -->
<testsuite skipped="0" hostname="DESKTOP-D6FQT73" name="TestING.HardAssert" tests="1" failures="0" timestamp="2023-03-26T17:42:06 IST" time="0.015" errors="0">
  <testcase name="M1" time="0.015" classname="TestING.HardAssert"/>
  <system-out/>
</testsuite> <!-- TestING.HardAssert -->
