<?xml version="1.0" encoding="UTF-8"?>
<!-- Generated by org.testng.reporters.JUnitReportReporter -->
<testsuite skipped="0" hostname="DESKTOP-D6FQT73" name="Testing1.Setup2" tests="1" failures="0" timestamp="2023-01-04T13:35:57 IST" time="19.638" errors="0">
  <testcase name="FirstName" time="19.638" classname="Testing1.Setup2"/>
  <system-out/>
</testsuite> <!-- Testing1.Setup2 -->
