<?xml version="1.0" encoding="UTF-8"?>
<!-- Generated by org.testng.reporters.JUnitReportReporter -->
<testsuite skipped="0" hostname="DESKTOP-D6FQT73" name="TestING.Sample6" tests="3" failures="0" timestamp="2022-12-27T18:46:49 IST" time="2.092" errors="0">
  <testcase name="tc02" time="1.052" classname="TestING.Sample6"/>
  <system-out/>
  <testcase name="tc03" time="1.025" classname="TestING.Sample6"/>
  <system-out/>
  <testcase name="tc01" time="0.015" classname="TestING.Sample6"/>
  <system-out/>
</testsuite> <!-- TestING.Sample6 -->
