<?xml version="1.0" encoding="UTF-8"?>
<!-- Generated by org.testng.reporters.JUnitReportReporter -->
<testsuite skipped="0" hostname="DESKTOP-D6FQT73" name="TestNgSuite.Parallel1" tests="2" failures="0" timestamp="2023-04-21T14:11:32 IST" time="23.984" errors="0">
  <testcase name="m1" time="9.972" classname="TestNgSuite.Parallel1"/>
  <system-out>
    <![CDATA[Test success]]>
  </system-out>
  <testcase name="m1" time="14.012" classname="TestNgSuite.Parallel1"/>
  <system-out>
    <![CDATA[Test success]]>
  </system-out>
</testsuite> <!-- TestNgSuite.Parallel1 -->
