<?xml version="1.0" encoding="UTF-8"?>
<!-- Generated by org.testng.reporters.JUnitReportReporter -->
<testsuite skipped="0" hostname="DESKTOP-D6FQT73" name="TestING.Sample4" tests="3" failures="0" timestamp="2022-12-27T18:36:07 IST" time="0.030" errors="0">
  <testcase name="tc02" time="0.026" classname="TestING.Sample4"/>
  <system-out/>
  <testcase name="tc03" time="0.003" classname="TestING.Sample4"/>
  <system-out/>
  <testcase name="tc01" time="0.001" classname="TestING.Sample4"/>
  <system-out/>
</testsuite> <!-- TestING.Sample4 -->
