<?xml version="1.0" encoding="UTF-8"?>
<!-- Generated by org.testng.reporters.JUnitReportReporter -->
<testsuite skipped="0" hostname="DESKTOP-D6FQT73" name="TestNgSuite.Testing1" tests="1" failures="0" timestamp="2023-03-28T15:55:24 IST" time="0.015" errors="0">
  <testcase name="tc03" time="0.015" classname="TestNgSuite.Testing1"/>
  <system-out>
    <![CDATA[test case 03 execute]]>
  </system-out>
</testsuite> <!-- TestNgSuite.Testing1 -->
