<?xml version="1.0" encoding="UTF-8"?>
<!-- Generated by org.testng.reporters.JUnitReportReporter -->
<testsuite skipped="0" hostname="DESKTOP-D6FQT73" name="TestNgSuite.Test005" tests="1" failures="0" timestamp="2022-12-29T21:48:47 IST" time="0.012" errors="0">
  <testcase name="tc05" time="0.012" classname="TestNgSuite.Test005"/>
  <system-out/>
</testsuite> <!-- TestNgSuite.Test005 -->
