<?xml version="1.0" encoding="UTF-8"?>
<!-- Generated by org.testng.reporters.JUnitReportReporter -->
<testsuite skipped="0" hostname="DESKTOP-D6FQT73" name="Listners.Demo2" tests="3" failures="0" timestamp="2023-03-30T12:32:14 IST" time="30.204" errors="0">
  <testcase name="tc01" time="8.302" classname="Listners.Demo2"/>
  <system-out/>
  <testcase name="tc02" time="12.525" classname="Listners.Demo2"/>
  <system-out/>
  <testcase name="tc03" time="9.377" classname="Listners.Demo2"/>
  <system-out/>
</testsuite> <!-- Listners.Demo2 -->
