<?xml version="1.0" encoding="UTF-8"?>
<!-- Generated by org.testng.reporters.JUnitReportReporter -->
<testsuite skipped="0" hostname="DESKTOP-D6FQT73" name="TestNgSuite.Test004Group" tests="1" failures="0" timestamp="2023-04-21T12:39:47 IST" time="0.008" errors="0">
  <testcase name="tc01" time="0.008" classname="TestNgSuite.Test004Group"/>
  <system-out>
    <![CDATA[Test case 01 execute]]>
  </system-out>
</testsuite> <!-- TestNgSuite.Test004Group -->
