<?xml version="1.0" encoding="UTF-8"?>
<!-- Generated by org.testng.reporters.JUnitReportReporter -->
<testsuite skipped="0" hostname="DESKTOP-D6FQT73" name="TestNgSuite.Parallel2" tests="2" failures="0" timestamp="2023-03-28T17:27:13 IST" time="36.650" errors="0">
  <testcase name="M1" time="14.496" classname="TestNgSuite.Parallel2"/>
  <system-out>
    <![CDATA[Test case executed]]>
  </system-out>
  <testcase name="M1" time="22.154" classname="TestNgSuite.Parallel2"/>
  <system-out>
    <![CDATA[Test case executed]]>
  </system-out>
</testsuite> <!-- TestNgSuite.Parallel2 -->
