<?xml version="1.0" encoding="UTF-8"?>
<!-- Generated by org.testng.reporters.JUnitReportReporter -->
<testsuite skipped="0" hostname="DESKTOP-D6FQT73" name="TestING.Sample3" tests="3" failures="0" timestamp="2022-12-27T18:34:36 IST" time="0.030" errors="0">
  <testcase name="Firstname" time="0.020" classname="TestING.Sample3"/>
  <system-out/>
  <testcase name="Lastname" time="0.003" classname="TestING.Sample3"/>
  <system-out/>
  <testcase name="Sirname" time="0.007" classname="TestING.Sample3"/>
  <system-out/>
</testsuite> <!-- TestING.Sample3 -->
