<?xml version="1.0" encoding="UTF-8"?>
<!-- Generated by org.testng.reporters.JUnitReportReporter -->
<testsuite skipped="0" hostname="DESKTOP-D6FQT73" name="TestNgSuite.Test006" tests="2" failures="0" timestamp="2022-12-29T21:48:47 IST" time="0.014" errors="0">
  <testcase name="tc09" time="0.010" classname="TestNgSuite.Test006"/>
  <system-out/>
  <testcase name="tc08" time="0.004" classname="TestNgSuite.Test006"/>
  <system-out/>
</testsuite> <!-- TestNgSuite.Test006 -->
