<?xml version="1.0" encoding="UTF-8"?>
<!-- Generated by org.testng.reporters.JUnitReportReporter -->
<testsuite skipped="0" hostname="DESKTOP-D6FQT73" name="TestNgSuite.ParallelTesting1" tests="2" failures="0" timestamp="2023-03-28T17:20:42 IST" time="18.247" errors="0">
  <testcase name="together" time="5.596" classname="TestNgSuite.ParallelTesting1"/>
  <system-out>
    <![CDATA[Test case executed]]>
  </system-out>
  <testcase name="together" time="12.651" classname="TestNgSuite.ParallelTesting1"/>
  <system-out>
    <![CDATA[Test case executed]]>
  </system-out>
</testsuite> <!-- TestNgSuite.ParallelTesting1 -->
