<?xml version="1.0" encoding="UTF-8"?>
<!-- Generated by org.testng.reporters.JUnitReportReporter -->
<testsuite skipped="0" hostname="DESKTOP-D6FQT73" name="TestING.Sample9" tests="3" failures="0" timestamp="2022-12-25T10:54:24 IST" time="0.024" errors="0">
  <testcase name="m1" time="0.010" classname="TestING.Sample9"/>
  <system-out/>
  <testcase name="m2" time="0.003" classname="TestING.Sample9"/>
  <system-out/>
  <testcase name="m3" time="0.011" classname="TestING.Sample9"/>
  <system-out/>
</testsuite> <!-- TestING.Sample9 -->
