<?xml version="1.0" encoding="UTF-8"?>
<!-- Generated by org.testng.reporters.JUnitReportReporter -->
<testsuite skipped="0" hostname="DESKTOP-D6FQT73" name="Testing1.Demo2" tests="1" failures="0" timestamp="2023-03-29T18:26:47 IST" time="5.422" errors="0">
  <testcase name="tc01" time="5.422" classname="Testing1.Demo2"/>
  <system-out/>
</testsuite> <!-- Testing1.Demo2 -->
