<?xml version="1.0" encoding="UTF-8"?>
<!-- Generated by org.testng.reporters.JUnitReportReporter -->
<testsuite skipped="0" hostname="DESKTOP-D6FQT73" name="Abc.Sample" tests="1" failures="0" timestamp="2022-12-21T14:01:22 IST" time="0.018" errors="0">
  <testcase name="M1" time="0.018" classname="Abc.Sample"/>
  <system-out/>
</testsuite> <!-- Abc.Sample -->
