<?xml version="1.0" encoding="UTF-8"?>
<!-- Generated by org.testng.reporters.JUnitReportReporter -->
<testsuite skipped="0" hostname="DESKTOP-D6FQT73" name="Testing1.TestPolicy" tests="1" failures="0" timestamp="2023-02-01T11:31:23 IST" time="27.891" errors="0">
  <testcase name="tc001_travelInsurance" time="27.891" classname="Testing1.TestPolicy"/>
  <system-out/>
</testsuite> <!-- Testing1.TestPolicy -->
