<?xml version="1.0" encoding="UTF-8"?>
<!-- Generated by org.testng.reporters.JUnitReportReporter -->
<testsuite skipped="0" hostname="DESKTOP-D6FQT73" name="TestNgSuite.Testing2" tests="3" failures="0" timestamp="2023-03-28T15:37:59 IST" time="0.025" errors="0">
  <testcase name="tc05" time="0.012" classname="TestNgSuite.Testing2"/>
  <system-out>
    <![CDATA[test case 05 execute]]>
  </system-out>
  <testcase name="tc06" time="0.009" classname="TestNgSuite.Testing2"/>
  <system-out>
    <![CDATA[test case 06 execute]]>
  </system-out>
  <testcase name="tc04" time="0.004" classname="TestNgSuite.Testing2"/>
  <system-out>
    <![CDATA[test case 04 execute]]>
  </system-out>
</testsuite> <!-- TestNgSuite.Testing2 -->
