<?xml version="1.0" encoding="UTF-8"?>
<!-- Generated by org.testng.reporters.JUnitReportReporter -->
<testsuite skipped="0" hostname="DESKTOP-D6FQT73" name="TestNgSuite.Test004" tests="1" failures="0" timestamp="2022-12-29T21:48:47 IST" time="0.017" errors="0">
  <testcase name="tc02" time="0.017" classname="TestNgSuite.Test004"/>
  <system-out/>
</testsuite> <!-- TestNgSuite.Test004 -->
