<?xml version="1.0" encoding="UTF-8"?>
<!-- Generated by org.testng.reporters.JUnitReportReporter -->
<testsuite skipped="0" hostname="DESKTOP-D6FQT73" name="TestING.SOFT" tests="1" failures="0" timestamp="2022-12-29T19:03:21 IST" time="0.019" errors="0">
  <testcase name="M1" time="0.019" classname="TestING.SOFT"/>
  <system-out/>
</testsuite> <!-- TestING.SOFT -->
