<?xml version="1.0" encoding="UTF-8"?>
<!-- Generated by org.testng.reporters.JUnitReportReporter -->
<testsuite skipped="0" hostname="DESKTOP-D6FQT73" name="TestING.Sample7" tests="3" failures="0" timestamp="2022-12-27T18:52:03 IST" time="0.034" errors="0">
  <testcase name="M2" time="0.020" classname="TestING.Sample7"/>
  <system-out>
    <![CDATA[MiddleName]]>
  </system-out>
  <testcase name="M3" time="0.011" classname="TestING.Sample7"/>
  <system-out>
    <![CDATA[LastName]]>
  </system-out>
  <testcase name="M1" time="0.003" classname="TestING.Sample7"/>
  <system-out>
    <![CDATA[FirstName]]>
  </system-out>
</testsuite> <!-- TestING.Sample7 -->
