<?xml version="1.0" encoding="UTF-8"?>
<!-- Generated by org.testng.reporters.JUnitReportReporter -->
<testsuite skipped="0" hostname="DESKTOP-D6FQT73" name="TestNgSuite.Testing3" tests="2" failures="0" timestamp="2023-03-28T15:55:24 IST" time="0.006" errors="0">
  <testcase name="tc09" time="0.004" classname="TestNgSuite.Testing3"/>
  <system-out>
    <![CDATA[test case 09 execute]]>
  </system-out>
  <testcase name="tc07" time="0.002" classname="TestNgSuite.Testing3"/>
  <system-out>
    <![CDATA[test case 07 execute]]>
  </system-out>
</testsuite> <!-- TestNgSuite.Testing3 -->
