<?xml version="1.0" encoding="UTF-8"?>
<!-- Generated by org.testng.reporters.JUnitReportReporter -->
<testsuite skipped="0" hostname="DESKTOP-D6FQT73" name="TestNgSuite.Test003" tests="2" failures="0" timestamp="2023-04-21T12:34:49 IST" time="0.004" errors="0">
  <testcase name="tc09" time="0.003" classname="TestNgSuite.Test003"/>
  <system-out>
    <![CDATA[Test case 09 execute]]>
  </system-out>
  <testcase name="tc07" time="0.001" classname="TestNgSuite.Test003"/>
  <system-out>
    <![CDATA[Test case 07 execute]]>
  </system-out>
</testsuite> <!-- TestNgSuite.Test003 -->
